<?xml version="1.0" encoding="UTF-8"?>
<!-- Generated by org.testng.reporters.JUnitReportReporter -->
<testsuite hostname="DESKTOP-0NDGOM3" failures="0" tests="1" name="demowork.DemoWork" time="10.536" errors="0" timestamp="2023-07-16T21:37:15 IST" skipped="0">
  <testcase classname="demowork.DemoWork" name="flipkart" time="10.536"/>
  <system-out/>
</testsuite> <!-- demowork.DemoWork -->
