<?xml version="1.0" encoding="UTF-8"?>
<!-- Generated by org.testng.reporters.JUnitReportReporter -->
<testsuite hostname="DESKTOP-0NDGOM3" failures="0" tests="1" name="demowork.DemoWorkK" time="3.706" errors="0" timestamp="2023-07-16T21:37:15 IST" skipped="0">
  <testcase classname="demowork.DemoWorkK" name="f" time="3.706"/>
  <system-out/>
</testsuite> <!-- demowork.DemoWorkK -->
