<?xml version="1.0" encoding="UTF-8"?>
<!-- Generated by org.testng.reporters.JUnitReportReporter -->
<testsuite hostname="DESKTOP-0NDGOM3" failures="0" tests="1" name="demowork.DemoWork" time="13.891" errors="0" timestamp="2023-07-16T20:40:31 IST" skipped="0">
  <testcase classname="demowork.DemoWork" name="flipkart" time="13.891"/>
  <system-out/>
</testsuite> <!-- demowork.DemoWork -->
